[0.089s] DEBUG:colcon:Command line arguments: ['/usr/bin/colcon', 'build']
[0.089s] DEBUG:colcon:Parsed command line arguments: Namespace(log_base=None, log_level=None, verb_name='build', build_base='build', install_base='install', merge_install=False, symlink_install=False, test_result_base=None, continue_on_error=False, executor='parallel', parallel_workers=16, event_handlers=None, ignore_user_meta=False, metas=['./colcon.meta'], base_paths=['.'], packages_ignore=None, packages_ignore_regex=None, paths=None, packages_up_to=None, packages_up_to_regex=None, packages_above=None, packages_above_and_dependencies=None, packages_above_depth=None, packages_select_by_dep=None, packages_skip_by_dep=None, packages_skip_up_to=None, packages_select_build_failed=False, packages_skip_build_finished=False, packages_select_test_failures=False, packages_skip_test_passed=False, packages_select=None, packages_skip=None, packages_select_regex=None, packages_skip_regex=None, packages_start=None, packages_end=None, allow_overriding=[], cmake_args=None, cmake_target=None, cmake_target_skip_unavailable=False, cmake_clean_cache=False, cmake_clean_first=False, cmake_force_configure=False, ament_cmake_args=None, catkin_cmake_args=None, catkin_skip_building_tests=False, mixin_files=None, mixin=None, verb_parser=<colcon_mixin.mixin.mixin_argument.MixinArgumentDecorator object at 0x76a714347d00>, verb_extension=<colcon_core.verb.build.BuildVerb object at 0x76a7143477f0>, main=<bound method BuildVerb.main of <colcon_core.verb.build.BuildVerb object at 0x76a7143477f0>>, mixin_verb=('build',))
[0.253s] Level 1:colcon.colcon_core.package_discovery:discover_packages(colcon_meta) check parameters
[0.253s] Level 1:colcon.colcon_core.package_discovery:discover_packages(recursive) check parameters
[0.253s] Level 1:colcon.colcon_core.package_discovery:discover_packages(ignore) check parameters
[0.253s] Level 1:colcon.colcon_core.package_discovery:discover_packages(path) check parameters
[0.253s] Level 1:colcon.colcon_core.package_discovery:discover_packages(colcon_meta) discover
[0.253s] Level 1:colcon.colcon_core.package_discovery:discover_packages(recursive) discover
[0.254s] INFO:colcon.colcon_core.package_discovery:Crawling recursively for packages in '/home/luis/luis_bot/luis_bot_description'
[0.254s] Level 1:colcon.colcon_core.package_identification:_identify(.) by extensions ['ignore', 'ignore_ament_install']
[0.254s] Level 1:colcon.colcon_core.package_identification:_identify(.) by extension 'ignore'
[0.254s] Level 1:colcon.colcon_core.package_identification:_identify(.) by extension 'ignore_ament_install'
[0.254s] Level 1:colcon.colcon_core.package_identification:_identify(.) by extensions ['colcon_pkg']
[0.254s] Level 1:colcon.colcon_core.package_identification:_identify(.) by extension 'colcon_pkg'
[0.254s] Level 1:colcon.colcon_core.package_identification:_identify(.) by extensions ['colcon_meta']
[0.254s] Level 1:colcon.colcon_core.package_identification:_identify(.) by extension 'colcon_meta'
[0.254s] Level 1:colcon.colcon_core.package_identification:_identify(.) by extensions ['ros']
[0.254s] Level 1:colcon.colcon_core.package_identification:_identify(.) by extension 'ros'
[0.276s] DEBUG:colcon.colcon_core.package_identification:Package '.' with type 'ros.ament_cmake' and name 'luis_bot_description'
[0.276s] Level 1:colcon.colcon_core.package_discovery:discover_packages(recursive) using defaults
[0.276s] Level 1:colcon.colcon_core.package_discovery:discover_packages(ignore) discover
[0.276s] Level 1:colcon.colcon_core.package_discovery:discover_packages(ignore) using defaults
[0.276s] Level 1:colcon.colcon_core.package_discovery:discover_packages(path) discover
[0.276s] Level 1:colcon.colcon_core.package_discovery:discover_packages(path) using defaults
[0.292s] Level 1:colcon.colcon_core.package_discovery:discover_packages(prefix_path) check parameters
[0.292s] Level 1:colcon.colcon_core.package_discovery:discover_packages(prefix_path) discover
[0.293s] DEBUG:colcon.colcon_installed_package_information.package_discovery:Found 1 installed packages in /home/luis/luis_bot/luis_bot_description/install
[0.294s] DEBUG:colcon.colcon_installed_package_information.package_discovery:Found 1 installed packages in /home/luis/urdf_example-main/install
[0.294s] DEBUG:colcon.colcon_installed_package_information.package_discovery:Found 3 installed packages in /home/luis/ros2_ws/install
[0.295s] DEBUG:colcon.colcon_installed_package_information.package_discovery:Found 351 installed packages in /opt/ros/humble
[0.297s] Level 1:colcon.colcon_core.package_discovery:discover_packages(prefix_path) using defaults
[0.332s] Level 5:colcon.colcon_core.verb:set package 'luis_bot_description' build argument 'cmake_args' from command line to 'None'
[0.332s] Level 5:colcon.colcon_core.verb:set package 'luis_bot_description' build argument 'cmake_target' from command line to 'None'
[0.332s] Level 5:colcon.colcon_core.verb:set package 'luis_bot_description' build argument 'cmake_target_skip_unavailable' from command line to 'False'
[0.332s] Level 5:colcon.colcon_core.verb:set package 'luis_bot_description' build argument 'cmake_clean_cache' from command line to 'False'
[0.332s] Level 5:colcon.colcon_core.verb:set package 'luis_bot_description' build argument 'cmake_clean_first' from command line to 'False'
[0.332s] Level 5:colcon.colcon_core.verb:set package 'luis_bot_description' build argument 'cmake_force_configure' from command line to 'False'
[0.333s] Level 5:colcon.colcon_core.verb:set package 'luis_bot_description' build argument 'ament_cmake_args' from command line to 'None'
[0.333s] Level 5:colcon.colcon_core.verb:set package 'luis_bot_description' build argument 'catkin_cmake_args' from command line to 'None'
[0.333s] Level 5:colcon.colcon_core.verb:set package 'luis_bot_description' build argument 'catkin_skip_building_tests' from command line to 'False'
[0.333s] DEBUG:colcon.colcon_core.verb:Building package 'luis_bot_description' with the following arguments: {'ament_cmake_args': None, 'build_base': '/home/luis/luis_bot/luis_bot_description/build/luis_bot_description', 'catkin_cmake_args': None, 'catkin_skip_building_tests': False, 'cmake_args': None, 'cmake_clean_cache': False, 'cmake_clean_first': False, 'cmake_force_configure': False, 'cmake_target': None, 'cmake_target_skip_unavailable': False, 'install_base': '/home/luis/luis_bot/luis_bot_description/install/luis_bot_description', 'merge_install': False, 'path': '/home/luis/luis_bot/luis_bot_description', 'symlink_install': False, 'test_result_base': None}
[0.333s] INFO:colcon.colcon_core.executor:Executing jobs using 'parallel' executor
[0.334s] DEBUG:colcon.colcon_parallel_executor.executor.parallel:run_until_complete
[0.334s] INFO:colcon.colcon_ros.task.ament_cmake.build:Building ROS package in '/home/luis/luis_bot/luis_bot_description' with build type 'ament_cmake'
[0.334s] INFO:colcon.colcon_cmake.task.cmake.build:Building CMake package in '/home/luis/luis_bot/luis_bot_description'
[0.336s] INFO:colcon.colcon_core.plugin_system:Skipping extension 'colcon_core.shell.bat': Not used on non-Windows systems
[0.336s] INFO:colcon.colcon_core.shell:Skip shell extension 'powershell' for command environment: Not usable outside of PowerShell
[0.336s] DEBUG:colcon.colcon_core.shell:Skip shell extension 'dsv' for command environment
[0.347s] DEBUG:colcon.colcon_core.event_handler.log_command:Invoking command in '/home/luis/luis_bot/luis_bot_description/build/luis_bot_description': CMAKE_PREFIX_PATH=${CMAKE_PREFIX_PATH}:/home/luis/ros2_ws/install/my_py_pkg:/opt/ros/humble /usr/bin/cmake --build /home/luis/luis_bot/luis_bot_description/build/luis_bot_description -- -j16 -l16
[0.392s] DEBUG:colcon.colcon_core.event_handler.log_command:Invoked command in '/home/luis/luis_bot/luis_bot_description/build/luis_bot_description' returned '0': CMAKE_PREFIX_PATH=${CMAKE_PREFIX_PATH}:/home/luis/ros2_ws/install/my_py_pkg:/opt/ros/humble /usr/bin/cmake --build /home/luis/luis_bot/luis_bot_description/build/luis_bot_description -- -j16 -l16
[0.430s] DEBUG:colcon.colcon_core.event_handler.log_command:Invoking command in '/home/luis/luis_bot/luis_bot_description/build/luis_bot_description': CMAKE_PREFIX_PATH=${CMAKE_PREFIX_PATH}:/home/luis/ros2_ws/install/my_py_pkg:/opt/ros/humble /usr/bin/cmake --install /home/luis/luis_bot/luis_bot_description/build/luis_bot_description
[0.441s] Level 1:colcon.colcon_core.environment:create_environment_scripts_only(luis_bot_description)
[0.441s] DEBUG:colcon.colcon_core.event_handler.log_command:Invoked command in '/home/luis/luis_bot/luis_bot_description/build/luis_bot_description' returned '0': CMAKE_PREFIX_PATH=${CMAKE_PREFIX_PATH}:/home/luis/ros2_ws/install/my_py_pkg:/opt/ros/humble /usr/bin/cmake --install /home/luis/luis_bot/luis_bot_description/build/luis_bot_description
[0.443s] Level 1:colcon.colcon_core.environment:checking '/home/luis/luis_bot/luis_bot_description/install/luis_bot_description' for CMake module files
[0.443s] Level 1:colcon.colcon_core.environment:checking '/home/luis/luis_bot/luis_bot_description/install/luis_bot_description' for CMake config files
[0.443s] Level 1:colcon.colcon_core.shell:create_environment_hook('luis_bot_description', 'cmake_prefix_path')
[0.444s] INFO:colcon.colcon_core.shell:Creating environment hook '/home/luis/luis_bot/luis_bot_description/install/luis_bot_description/share/luis_bot_description/hook/cmake_prefix_path.ps1'
[0.444s] INFO:colcon.colcon_core.shell:Creating environment descriptor '/home/luis/luis_bot/luis_bot_description/install/luis_bot_description/share/luis_bot_description/hook/cmake_prefix_path.dsv'
[0.445s] INFO:colcon.colcon_core.shell:Creating environment hook '/home/luis/luis_bot/luis_bot_description/install/luis_bot_description/share/luis_bot_description/hook/cmake_prefix_path.sh'
[0.445s] Level 1:colcon.colcon_core.environment:checking '/home/luis/luis_bot/luis_bot_description/install/luis_bot_description/bin'
[0.445s] Level 1:colcon.colcon_core.environment:checking '/home/luis/luis_bot/luis_bot_description/install/luis_bot_description/lib/pkgconfig/luis_bot_description.pc'
[0.446s] Level 1:colcon.colcon_core.environment:checking '/home/luis/luis_bot/luis_bot_description/install/luis_bot_description/lib/python3.10/site-packages'
[0.446s] Level 1:colcon.colcon_core.environment:checking '/home/luis/luis_bot/luis_bot_description/install/luis_bot_description/bin'
[0.446s] INFO:colcon.colcon_core.shell:Creating package script '/home/luis/luis_bot/luis_bot_description/install/luis_bot_description/share/luis_bot_description/package.ps1'
[0.447s] INFO:colcon.colcon_core.shell:Creating package descriptor '/home/luis/luis_bot/luis_bot_description/install/luis_bot_description/share/luis_bot_description/package.dsv'
[0.447s] INFO:colcon.colcon_core.shell:Creating package script '/home/luis/luis_bot/luis_bot_description/install/luis_bot_description/share/luis_bot_description/package.sh'
[0.448s] INFO:colcon.colcon_core.shell:Creating package script '/home/luis/luis_bot/luis_bot_description/install/luis_bot_description/share/luis_bot_description/package.bash'
[0.448s] INFO:colcon.colcon_core.shell:Creating package script '/home/luis/luis_bot/luis_bot_description/install/luis_bot_description/share/luis_bot_description/package.zsh'
[0.449s] Level 1:colcon.colcon_core.environment:create_file_with_runtime_dependencies(/home/luis/luis_bot/luis_bot_description/install/luis_bot_description/share/colcon-core/packages/luis_bot_description)
[0.475s] Level 1:colcon.colcon_core.environment:create_environment_scripts_only(luis_bot_description)
[0.475s] Level 1:colcon.colcon_core.environment:checking '/home/luis/luis_bot/luis_bot_description/install/luis_bot_description' for CMake module files
[0.475s] Level 1:colcon.colcon_core.environment:checking '/home/luis/luis_bot/luis_bot_description/install/luis_bot_description' for CMake config files
[0.476s] Level 1:colcon.colcon_core.shell:create_environment_hook('luis_bot_description', 'cmake_prefix_path')
[0.476s] INFO:colcon.colcon_core.shell:Creating environment hook '/home/luis/luis_bot/luis_bot_description/install/luis_bot_description/share/luis_bot_description/hook/cmake_prefix_path.ps1'
[0.476s] INFO:colcon.colcon_core.shell:Creating environment descriptor '/home/luis/luis_bot/luis_bot_description/install/luis_bot_description/share/luis_bot_description/hook/cmake_prefix_path.dsv'
[0.476s] INFO:colcon.colcon_core.shell:Creating environment hook '/home/luis/luis_bot/luis_bot_description/install/luis_bot_description/share/luis_bot_description/hook/cmake_prefix_path.sh'
[0.477s] Level 1:colcon.colcon_core.environment:checking '/home/luis/luis_bot/luis_bot_description/install/luis_bot_description/bin'
[0.477s] Level 1:colcon.colcon_core.environment:checking '/home/luis/luis_bot/luis_bot_description/install/luis_bot_description/lib/pkgconfig/luis_bot_description.pc'
[0.477s] Level 1:colcon.colcon_core.environment:checking '/home/luis/luis_bot/luis_bot_description/install/luis_bot_description/lib/python3.10/site-packages'
[0.477s] Level 1:colcon.colcon_core.environment:checking '/home/luis/luis_bot/luis_bot_description/install/luis_bot_description/bin'
[0.477s] INFO:colcon.colcon_core.shell:Creating package script '/home/luis/luis_bot/luis_bot_description/install/luis_bot_description/share/luis_bot_description/package.ps1'
[0.478s] INFO:colcon.colcon_core.shell:Creating package descriptor '/home/luis/luis_bot/luis_bot_description/install/luis_bot_description/share/luis_bot_description/package.dsv'
[0.478s] INFO:colcon.colcon_core.shell:Creating package script '/home/luis/luis_bot/luis_bot_description/install/luis_bot_description/share/luis_bot_description/package.sh'
[0.478s] INFO:colcon.colcon_core.shell:Creating package script '/home/luis/luis_bot/luis_bot_description/install/luis_bot_description/share/luis_bot_description/package.bash'
[0.479s] INFO:colcon.colcon_core.shell:Creating package script '/home/luis/luis_bot/luis_bot_description/install/luis_bot_description/share/luis_bot_description/package.zsh'
[0.479s] Level 1:colcon.colcon_core.environment:create_file_with_runtime_dependencies(/home/luis/luis_bot/luis_bot_description/install/luis_bot_description/share/colcon-core/packages/luis_bot_description)
[0.479s] DEBUG:colcon.colcon_parallel_executor.executor.parallel:closing loop
[0.480s] DEBUG:colcon.colcon_parallel_executor.executor.parallel:loop closed
[0.480s] DEBUG:colcon.colcon_parallel_executor.executor.parallel:run_until_complete finished with '0'
[0.480s] DEBUG:colcon.colcon_core.event_reactor:joining thread
[0.485s] INFO:colcon.colcon_core.plugin_system:Skipping extension 'colcon_notification.desktop_notification.terminal_notifier': Not used on non-Darwin systems
[0.485s] INFO:colcon.colcon_core.plugin_system:Skipping extension 'colcon_notification.desktop_notification.win32': Not used on non-Windows systems
[0.485s] INFO:colcon.colcon_notification.desktop_notification:Sending desktop notification using 'notify2'
[0.498s] DEBUG:colcon.colcon_core.event_reactor:joined thread
[0.498s] INFO:colcon.colcon_core.shell:Creating prefix script '/home/luis/luis_bot/luis_bot_description/install/local_setup.ps1'
[0.499s] INFO:colcon.colcon_core.shell:Creating prefix util module '/home/luis/luis_bot/luis_bot_description/install/_local_setup_util_ps1.py'
[0.500s] INFO:colcon.colcon_core.shell:Creating prefix chain script '/home/luis/luis_bot/luis_bot_description/install/setup.ps1'
[0.502s] INFO:colcon.colcon_core.shell:Creating prefix script '/home/luis/luis_bot/luis_bot_description/install/local_setup.sh'
[0.502s] INFO:colcon.colcon_core.shell:Creating prefix util module '/home/luis/luis_bot/luis_bot_description/install/_local_setup_util_sh.py'
[0.503s] INFO:colcon.colcon_core.shell:Creating prefix chain script '/home/luis/luis_bot/luis_bot_description/install/setup.sh'
[0.504s] INFO:colcon.colcon_core.shell:Creating prefix script '/home/luis/luis_bot/luis_bot_description/install/local_setup.bash'
[0.504s] INFO:colcon.colcon_core.shell:Creating prefix chain script '/home/luis/luis_bot/luis_bot_description/install/setup.bash'
[0.505s] INFO:colcon.colcon_core.shell:Creating prefix script '/home/luis/luis_bot/luis_bot_description/install/local_setup.zsh'
[0.505s] INFO:colcon.colcon_core.shell:Creating prefix chain script '/home/luis/luis_bot/luis_bot_description/install/setup.zsh'
