[0.106s] DEBUG:colcon:Command line arguments: ['/usr/bin/colcon', 'build']
[0.106s] DEBUG:colcon:Parsed command line arguments: Namespace(log_base=None, log_level=None, verb_name='build', build_base='build', install_base='install', merge_install=False, symlink_install=False, test_result_base=None, continue_on_error=False, executor='parallel', parallel_workers=16, event_handlers=None, ignore_user_meta=False, metas=['./colcon.meta'], base_paths=['.'], packages_ignore=None, packages_ignore_regex=None, paths=None, packages_up_to=None, packages_up_to_regex=None, packages_above=None, packages_above_and_dependencies=None, packages_above_depth=None, packages_select_by_dep=None, packages_skip_by_dep=None, packages_skip_up_to=None, packages_select_build_failed=False, packages_skip_build_finished=False, packages_select_test_failures=False, packages_skip_test_passed=False, packages_select=None, packages_skip=None, packages_select_regex=None, packages_skip_regex=None, packages_start=None, packages_end=None, allow_overriding=[], cmake_args=None, cmake_target=None, cmake_target_skip_unavailable=False, cmake_clean_cache=False, cmake_clean_first=False, cmake_force_configure=False, ament_cmake_args=None, catkin_cmake_args=None, catkin_skip_building_tests=False, mixin_files=None, mixin=None, verb_parser=<colcon_mixin.mixin.mixin_argument.MixinArgumentDecorator object at 0x7b4829213d00>, verb_extension=<colcon_core.verb.build.BuildVerb object at 0x7b48292137f0>, main=<bound method BuildVerb.main of <colcon_core.verb.build.BuildVerb object at 0x7b48292137f0>>, mixin_verb=('build',))
[0.305s] Level 1:colcon.colcon_core.package_discovery:discover_packages(colcon_meta) check parameters
[0.305s] Level 1:colcon.colcon_core.package_discovery:discover_packages(recursive) check parameters
[0.305s] Level 1:colcon.colcon_core.package_discovery:discover_packages(ignore) check parameters
[0.305s] Level 1:colcon.colcon_core.package_discovery:discover_packages(path) check parameters
[0.305s] Level 1:colcon.colcon_core.package_discovery:discover_packages(colcon_meta) discover
[0.305s] Level 1:colcon.colcon_core.package_discovery:discover_packages(recursive) discover
[0.306s] INFO:colcon.colcon_core.package_discovery:Crawling recursively for packages in '/home/luis/luis_bot/luis_bot_description'
[0.306s] Level 1:colcon.colcon_core.package_identification:_identify(.) by extensions ['ignore', 'ignore_ament_install']
[0.306s] Level 1:colcon.colcon_core.package_identification:_identify(.) by extension 'ignore'
[0.306s] Level 1:colcon.colcon_core.package_identification:_identify(.) by extension 'ignore_ament_install'
[0.306s] Level 1:colcon.colcon_core.package_identification:_identify(.) by extensions ['colcon_pkg']
[0.306s] Level 1:colcon.colcon_core.package_identification:_identify(.) by extension 'colcon_pkg'
[0.306s] Level 1:colcon.colcon_core.package_identification:_identify(.) by extensions ['colcon_meta']
[0.306s] Level 1:colcon.colcon_core.package_identification:_identify(.) by extension 'colcon_meta'
[0.306s] Level 1:colcon.colcon_core.package_identification:_identify(.) by extensions ['ros']
[0.306s] Level 1:colcon.colcon_core.package_identification:_identify(.) by extension 'ros'
[0.328s] DEBUG:colcon.colcon_core.package_identification:Package '.' with type 'ros.ament_cmake' and name 'luis_bot_description'
[0.328s] Level 1:colcon.colcon_core.package_discovery:discover_packages(recursive) using defaults
[0.328s] Level 1:colcon.colcon_core.package_discovery:discover_packages(ignore) discover
[0.328s] Level 1:colcon.colcon_core.package_discovery:discover_packages(ignore) using defaults
[0.328s] Level 1:colcon.colcon_core.package_discovery:discover_packages(path) discover
[0.328s] Level 1:colcon.colcon_core.package_discovery:discover_packages(path) using defaults
[0.347s] Level 1:colcon.colcon_core.package_discovery:discover_packages(prefix_path) check parameters
[0.347s] Level 1:colcon.colcon_core.package_discovery:discover_packages(prefix_path) discover
[0.349s] DEBUG:colcon.colcon_installed_package_information.package_discovery:Found 1 installed packages in /home/luis/urdf_example-main/install
[0.349s] DEBUG:colcon.colcon_installed_package_information.package_discovery:Found 3 installed packages in /home/luis/ros2_ws/install
[0.351s] DEBUG:colcon.colcon_installed_package_information.package_discovery:Found 351 installed packages in /opt/ros/humble
[0.353s] Level 1:colcon.colcon_core.package_discovery:discover_packages(prefix_path) using defaults
[0.388s] Level 5:colcon.colcon_core.verb:set package 'luis_bot_description' build argument 'cmake_args' from command line to 'None'
[0.388s] Level 5:colcon.colcon_core.verb:set package 'luis_bot_description' build argument 'cmake_target' from command line to 'None'
[0.389s] Level 5:colcon.colcon_core.verb:set package 'luis_bot_description' build argument 'cmake_target_skip_unavailable' from command line to 'False'
[0.389s] Level 5:colcon.colcon_core.verb:set package 'luis_bot_description' build argument 'cmake_clean_cache' from command line to 'False'
[0.389s] Level 5:colcon.colcon_core.verb:set package 'luis_bot_description' build argument 'cmake_clean_first' from command line to 'False'
[0.389s] Level 5:colcon.colcon_core.verb:set package 'luis_bot_description' build argument 'cmake_force_configure' from command line to 'False'
[0.389s] Level 5:colcon.colcon_core.verb:set package 'luis_bot_description' build argument 'ament_cmake_args' from command line to 'None'
[0.389s] Level 5:colcon.colcon_core.verb:set package 'luis_bot_description' build argument 'catkin_cmake_args' from command line to 'None'
[0.389s] Level 5:colcon.colcon_core.verb:set package 'luis_bot_description' build argument 'catkin_skip_building_tests' from command line to 'False'
[0.389s] DEBUG:colcon.colcon_core.verb:Building package 'luis_bot_description' with the following arguments: {'ament_cmake_args': None, 'build_base': '/home/luis/luis_bot/luis_bot_description/build/luis_bot_description', 'catkin_cmake_args': None, 'catkin_skip_building_tests': False, 'cmake_args': None, 'cmake_clean_cache': False, 'cmake_clean_first': False, 'cmake_force_configure': False, 'cmake_target': None, 'cmake_target_skip_unavailable': False, 'install_base': '/home/luis/luis_bot/luis_bot_description/install/luis_bot_description', 'merge_install': False, 'path': '/home/luis/luis_bot/luis_bot_description', 'symlink_install': False, 'test_result_base': None}
[0.389s] INFO:colcon.colcon_core.executor:Executing jobs using 'parallel' executor
[0.390s] DEBUG:colcon.colcon_parallel_executor.executor.parallel:run_until_complete
[0.390s] INFO:colcon.colcon_ros.task.ament_cmake.build:Building ROS package in '/home/luis/luis_bot/luis_bot_description' with build type 'ament_cmake'
[0.390s] INFO:colcon.colcon_cmake.task.cmake.build:Building CMake package in '/home/luis/luis_bot/luis_bot_description'
[0.393s] INFO:colcon.colcon_core.plugin_system:Skipping extension 'colcon_core.shell.bat': Not used on non-Windows systems
[0.393s] INFO:colcon.colcon_core.shell:Skip shell extension 'powershell' for command environment: Not usable outside of PowerShell
[0.393s] DEBUG:colcon.colcon_core.shell:Skip shell extension 'dsv' for command environment
[0.402s] DEBUG:colcon.colcon_core.event_handler.log_command:Invoking command in '/home/luis/luis_bot/luis_bot_description/build/luis_bot_description': CMAKE_PREFIX_PATH=${CMAKE_PREFIX_PATH}:/home/luis/ros2_ws/install/my_py_pkg:/opt/ros/humble /usr/bin/cmake /home/luis/luis_bot/luis_bot_description -DCMAKE_INSTALL_PREFIX=/home/luis/luis_bot/luis_bot_description/install/luis_bot_description
[1.129s] DEBUG:colcon.colcon_core.event_handler.log_command:Invoked command in '/home/luis/luis_bot/luis_bot_description/build/luis_bot_description' returned '0': CMAKE_PREFIX_PATH=${CMAKE_PREFIX_PATH}:/home/luis/ros2_ws/install/my_py_pkg:/opt/ros/humble /usr/bin/cmake /home/luis/luis_bot/luis_bot_description -DCMAKE_INSTALL_PREFIX=/home/luis/luis_bot/luis_bot_description/install/luis_bot_description
[1.129s] DEBUG:colcon.colcon_core.event_handler.log_command:Invoking command in '/home/luis/luis_bot/luis_bot_description/build/luis_bot_description': CMAKE_PREFIX_PATH=${CMAKE_PREFIX_PATH}:/home/luis/ros2_ws/install/my_py_pkg:/opt/ros/humble /usr/bin/cmake --build /home/luis/luis_bot/luis_bot_description/build/luis_bot_description -- -j16 -l16
[1.174s] DEBUG:colcon.colcon_core.event_handler.log_command:Invoked command in '/home/luis/luis_bot/luis_bot_description/build/luis_bot_description' returned '0': CMAKE_PREFIX_PATH=${CMAKE_PREFIX_PATH}:/home/luis/ros2_ws/install/my_py_pkg:/opt/ros/humble /usr/bin/cmake --build /home/luis/luis_bot/luis_bot_description/build/luis_bot_description -- -j16 -l16
[1.213s] DEBUG:colcon.colcon_core.event_handler.log_command:Invoking command in '/home/luis/luis_bot/luis_bot_description/build/luis_bot_description': CMAKE_PREFIX_PATH=${CMAKE_PREFIX_PATH}:/home/luis/ros2_ws/install/my_py_pkg:/opt/ros/humble /usr/bin/cmake --install /home/luis/luis_bot/luis_bot_description/build/luis_bot_description
[1.226s] Level 1:colcon.colcon_core.environment:create_environment_scripts_only(luis_bot_description)
[1.226s] DEBUG:colcon.colcon_core.event_handler.log_command:Invoked command in '/home/luis/luis_bot/luis_bot_description/build/luis_bot_description' returned '0': CMAKE_PREFIX_PATH=${CMAKE_PREFIX_PATH}:/home/luis/ros2_ws/install/my_py_pkg:/opt/ros/humble /usr/bin/cmake --install /home/luis/luis_bot/luis_bot_description/build/luis_bot_description
[1.230s] Level 1:colcon.colcon_core.environment:checking '/home/luis/luis_bot/luis_bot_description/install/luis_bot_description' for CMake module files
[1.230s] Level 1:colcon.colcon_core.environment:checking '/home/luis/luis_bot/luis_bot_description/install/luis_bot_description' for CMake config files
[1.230s] Level 1:colcon.colcon_core.shell:create_environment_hook('luis_bot_description', 'cmake_prefix_path')
[1.231s] INFO:colcon.colcon_core.shell:Creating environment hook '/home/luis/luis_bot/luis_bot_description/install/luis_bot_description/share/luis_bot_description/hook/cmake_prefix_path.ps1'
[1.231s] INFO:colcon.colcon_core.shell:Creating environment descriptor '/home/luis/luis_bot/luis_bot_description/install/luis_bot_description/share/luis_bot_description/hook/cmake_prefix_path.dsv'
[1.232s] INFO:colcon.colcon_core.shell:Creating environment hook '/home/luis/luis_bot/luis_bot_description/install/luis_bot_description/share/luis_bot_description/hook/cmake_prefix_path.sh'
[1.233s] Level 1:colcon.colcon_core.environment:checking '/home/luis/luis_bot/luis_bot_description/install/luis_bot_description/bin'
[1.233s] Level 1:colcon.colcon_core.environment:checking '/home/luis/luis_bot/luis_bot_description/install/luis_bot_description/lib/pkgconfig/luis_bot_description.pc'
[1.233s] Level 1:colcon.colcon_core.environment:checking '/home/luis/luis_bot/luis_bot_description/install/luis_bot_description/lib/python3.10/site-packages'
[1.233s] Level 1:colcon.colcon_core.environment:checking '/home/luis/luis_bot/luis_bot_description/install/luis_bot_description/bin'
[1.233s] INFO:colcon.colcon_core.shell:Creating package script '/home/luis/luis_bot/luis_bot_description/install/luis_bot_description/share/luis_bot_description/package.ps1'
[1.234s] INFO:colcon.colcon_core.shell:Creating package descriptor '/home/luis/luis_bot/luis_bot_description/install/luis_bot_description/share/luis_bot_description/package.dsv'
[1.235s] INFO:colcon.colcon_core.shell:Creating package script '/home/luis/luis_bot/luis_bot_description/install/luis_bot_description/share/luis_bot_description/package.sh'
[1.235s] INFO:colcon.colcon_core.shell:Creating package script '/home/luis/luis_bot/luis_bot_description/install/luis_bot_description/share/luis_bot_description/package.bash'
[1.236s] INFO:colcon.colcon_core.shell:Creating package script '/home/luis/luis_bot/luis_bot_description/install/luis_bot_description/share/luis_bot_description/package.zsh'
[1.237s] Level 1:colcon.colcon_core.environment:create_file_with_runtime_dependencies(/home/luis/luis_bot/luis_bot_description/install/luis_bot_description/share/colcon-core/packages/luis_bot_description)
[1.268s] Level 1:colcon.colcon_core.environment:create_environment_scripts_only(luis_bot_description)
[1.268s] Level 1:colcon.colcon_core.environment:checking '/home/luis/luis_bot/luis_bot_description/install/luis_bot_description' for CMake module files
[1.268s] Level 1:colcon.colcon_core.environment:checking '/home/luis/luis_bot/luis_bot_description/install/luis_bot_description' for CMake config files
[1.269s] Level 1:colcon.colcon_core.shell:create_environment_hook('luis_bot_description', 'cmake_prefix_path')
[1.269s] INFO:colcon.colcon_core.shell:Creating environment hook '/home/luis/luis_bot/luis_bot_description/install/luis_bot_description/share/luis_bot_description/hook/cmake_prefix_path.ps1'
[1.269s] INFO:colcon.colcon_core.shell:Creating environment descriptor '/home/luis/luis_bot/luis_bot_description/install/luis_bot_description/share/luis_bot_description/hook/cmake_prefix_path.dsv'
[1.270s] INFO:colcon.colcon_core.shell:Creating environment hook '/home/luis/luis_bot/luis_bot_description/install/luis_bot_description/share/luis_bot_description/hook/cmake_prefix_path.sh'
[1.270s] Level 1:colcon.colcon_core.environment:checking '/home/luis/luis_bot/luis_bot_description/install/luis_bot_description/bin'
[1.270s] Level 1:colcon.colcon_core.environment:checking '/home/luis/luis_bot/luis_bot_description/install/luis_bot_description/lib/pkgconfig/luis_bot_description.pc'
[1.270s] Level 1:colcon.colcon_core.environment:checking '/home/luis/luis_bot/luis_bot_description/install/luis_bot_description/lib/python3.10/site-packages'
[1.270s] Level 1:colcon.colcon_core.environment:checking '/home/luis/luis_bot/luis_bot_description/install/luis_bot_description/bin'
[1.271s] INFO:colcon.colcon_core.shell:Creating package script '/home/luis/luis_bot/luis_bot_description/install/luis_bot_description/share/luis_bot_description/package.ps1'
[1.271s] INFO:colcon.colcon_core.shell:Creating package descriptor '/home/luis/luis_bot/luis_bot_description/install/luis_bot_description/share/luis_bot_description/package.dsv'
[1.271s] INFO:colcon.colcon_core.shell:Creating package script '/home/luis/luis_bot/luis_bot_description/install/luis_bot_description/share/luis_bot_description/package.sh'
[1.272s] INFO:colcon.colcon_core.shell:Creating package script '/home/luis/luis_bot/luis_bot_description/install/luis_bot_description/share/luis_bot_description/package.bash'
[1.272s] INFO:colcon.colcon_core.shell:Creating package script '/home/luis/luis_bot/luis_bot_description/install/luis_bot_description/share/luis_bot_description/package.zsh'
[1.272s] Level 1:colcon.colcon_core.environment:create_file_with_runtime_dependencies(/home/luis/luis_bot/luis_bot_description/install/luis_bot_description/share/colcon-core/packages/luis_bot_description)
[1.273s] DEBUG:colcon.colcon_parallel_executor.executor.parallel:closing loop
[1.273s] DEBUG:colcon.colcon_parallel_executor.executor.parallel:loop closed
[1.273s] DEBUG:colcon.colcon_parallel_executor.executor.parallel:run_until_complete finished with '0'
[1.273s] DEBUG:colcon.colcon_core.event_reactor:joining thread
[1.279s] INFO:colcon.colcon_core.plugin_system:Skipping extension 'colcon_notification.desktop_notification.terminal_notifier': Not used on non-Darwin systems
[1.279s] INFO:colcon.colcon_core.plugin_system:Skipping extension 'colcon_notification.desktop_notification.win32': Not used on non-Windows systems
[1.279s] INFO:colcon.colcon_notification.desktop_notification:Sending desktop notification using 'notify2'
[1.296s] DEBUG:colcon.colcon_core.event_reactor:joined thread
[1.297s] INFO:colcon.colcon_core.shell:Creating prefix script '/home/luis/luis_bot/luis_bot_description/install/local_setup.ps1'
[1.298s] INFO:colcon.colcon_core.shell:Creating prefix util module '/home/luis/luis_bot/luis_bot_description/install/_local_setup_util_ps1.py'
[1.299s] INFO:colcon.colcon_core.shell:Creating prefix chain script '/home/luis/luis_bot/luis_bot_description/install/setup.ps1'
[1.301s] INFO:colcon.colcon_core.shell:Creating prefix script '/home/luis/luis_bot/luis_bot_description/install/local_setup.sh'
[1.301s] INFO:colcon.colcon_core.shell:Creating prefix util module '/home/luis/luis_bot/luis_bot_description/install/_local_setup_util_sh.py'
[1.302s] INFO:colcon.colcon_core.shell:Creating prefix chain script '/home/luis/luis_bot/luis_bot_description/install/setup.sh'
[1.304s] INFO:colcon.colcon_core.shell:Creating prefix script '/home/luis/luis_bot/luis_bot_description/install/local_setup.bash'
[1.304s] INFO:colcon.colcon_core.shell:Creating prefix chain script '/home/luis/luis_bot/luis_bot_description/install/setup.bash'
[1.305s] INFO:colcon.colcon_core.shell:Creating prefix script '/home/luis/luis_bot/luis_bot_description/install/local_setup.zsh'
[1.306s] INFO:colcon.colcon_core.shell:Creating prefix chain script '/home/luis/luis_bot/luis_bot_description/install/setup.zsh'
