[0.012s] Invoking command in '/home/luis/luis_bot/luis_bot_description/build/luis_bot_description': CMAKE_PREFIX_PATH=${CMAKE_PREFIX_PATH}:/home/luis/ros2_ws/install/my_py_pkg:/opt/ros/humble /usr/bin/cmake /home/luis/luis_bot/luis_bot_description -DCMAKE_INSTALL_PREFIX=/home/luis/luis_bot/luis_bot_description/install/luis_bot_description
[0.113s] -- The C compiler identification is GNU 11.4.0
[0.198s] -- The CXX compiler identification is GNU 11.4.0
[0.209s] -- Detecting C compiler ABI info
[0.286s] -- Detecting C compiler ABI info - done
[0.292s] -- Check for working C compiler: /usr/bin/cc - skipped
[0.292s] -- Detecting C compile features
[0.293s] -- Detecting C compile features - done
[0.296s] -- Detecting CXX compiler ABI info
[0.384s] -- Detecting CXX compiler ABI info - done
[0.390s] -- Check for working CXX compiler: /usr/bin/c++ - skipped
[0.390s] -- Detecting CXX compile features
[0.391s] -- Detecting CXX compile features - done
[0.395s] -- Found ament_cmake: 1.3.10 (/opt/ros/humble/share/ament_cmake/cmake)
[0.541s] -- Found Python3: /usr/bin/python3 (found version "3.10.12") found components: Interpreter 
[0.637s] -- Found ament_lint_auto: 0.12.11 (/opt/ros/humble/share/ament_lint_auto/cmake)
[0.716s] -- Added test 'cppcheck' to perform static code analysis on C / C++ code
[0.716s] -- Configured cppcheck include dirs: 
[0.716s] -- Configured cppcheck exclude dirs and/or files: 
[0.717s] -- Added test 'flake8' to check Python code syntax and style conventions
[0.719s] -- Added test 'lint_cmake' to check CMake code style
[0.720s] -- Added test 'pep257' to check Python code against some of the docstring style conventions in PEP 257
[0.725s] -- Added test 'uncrustify' to check C / C++ code style
[0.725s] -- Configured uncrustify additional arguments: 
[0.727s] -- Added test 'xmllint' to check XML markup files
[0.728s] -- Configuring done
[0.732s] -- Generating done
[0.732s] -- Build files have been written to: /home/luis/luis_bot/luis_bot_description/build/luis_bot_description
[0.738s] Invoked command in '/home/luis/luis_bot/luis_bot_description/build/luis_bot_description' returned '0': CMAKE_PREFIX_PATH=${CMAKE_PREFIX_PATH}:/home/luis/ros2_ws/install/my_py_pkg:/opt/ros/humble /usr/bin/cmake /home/luis/luis_bot/luis_bot_description -DCMAKE_INSTALL_PREFIX=/home/luis/luis_bot/luis_bot_description/install/luis_bot_description
[0.738s] Invoking command in '/home/luis/luis_bot/luis_bot_description/build/luis_bot_description': CMAKE_PREFIX_PATH=${CMAKE_PREFIX_PATH}:/home/luis/ros2_ws/install/my_py_pkg:/opt/ros/humble /usr/bin/cmake --build /home/luis/luis_bot/luis_bot_description/build/luis_bot_description -- -j16 -l16
[0.783s] Invoked command in '/home/luis/luis_bot/luis_bot_description/build/luis_bot_description' returned '0': CMAKE_PREFIX_PATH=${CMAKE_PREFIX_PATH}:/home/luis/ros2_ws/install/my_py_pkg:/opt/ros/humble /usr/bin/cmake --build /home/luis/luis_bot/luis_bot_description/build/luis_bot_description -- -j16 -l16
[0.823s] Invoking command in '/home/luis/luis_bot/luis_bot_description/build/luis_bot_description': CMAKE_PREFIX_PATH=${CMAKE_PREFIX_PATH}:/home/luis/ros2_ws/install/my_py_pkg:/opt/ros/humble /usr/bin/cmake --install /home/luis/luis_bot/luis_bot_description/build/luis_bot_description
[0.830s] -- Install configuration: ""
[0.831s] -- Installing: /home/luis/luis_bot/luis_bot_description/install/luis_bot_description/share/luis_bot_description/src
[0.831s] -- Installing: /home/luis/luis_bot/luis_bot_description/install/luis_bot_description/share/luis_bot_description/src/description
[0.831s] -- Installing: /home/luis/luis_bot/luis_bot_description/install/luis_bot_description/share/luis_bot_description/src/description/luis_bot_description.urdf
[0.831s] -- Installing: /home/luis/luis_bot/luis_bot_description/install/luis_bot_description/share/luis_bot_description/launch
[0.831s] -- Installing: /home/luis/luis_bot/luis_bot_description/install/luis_bot_description/share/luis_bot_description/launch/display.launch.py
[0.832s] -- Installing: /home/luis/luis_bot/luis_bot_description/install/luis_bot_description/share/luis_bot_description/rviz
[0.832s] -- Installing: /home/luis/luis_bot/luis_bot_description/install/luis_bot_description/share/luis_bot_description/rviz/urdf_config.rviz
[0.832s] -- Installing: /home/luis/luis_bot/luis_bot_description/install/luis_bot_description/share/ament_index/resource_index/package_run_dependencies/luis_bot_description
[0.832s] -- Installing: /home/luis/luis_bot/luis_bot_description/install/luis_bot_description/share/ament_index/resource_index/parent_prefix_path/luis_bot_description
[0.832s] -- Installing: /home/luis/luis_bot/luis_bot_description/install/luis_bot_description/share/luis_bot_description/environment/ament_prefix_path.sh
[0.832s] -- Installing: /home/luis/luis_bot/luis_bot_description/install/luis_bot_description/share/luis_bot_description/environment/ament_prefix_path.dsv
[0.832s] -- Installing: /home/luis/luis_bot/luis_bot_description/install/luis_bot_description/share/luis_bot_description/environment/path.sh
[0.833s] -- Installing: /home/luis/luis_bot/luis_bot_description/install/luis_bot_description/share/luis_bot_description/environment/path.dsv
[0.833s] -- Installing: /home/luis/luis_bot/luis_bot_description/install/luis_bot_description/share/luis_bot_description/local_setup.bash
[0.833s] -- Installing: /home/luis/luis_bot/luis_bot_description/install/luis_bot_description/share/luis_bot_description/local_setup.sh
[0.833s] -- Installing: /home/luis/luis_bot/luis_bot_description/install/luis_bot_description/share/luis_bot_description/local_setup.zsh
[0.833s] -- Installing: /home/luis/luis_bot/luis_bot_description/install/luis_bot_description/share/luis_bot_description/local_setup.dsv
[0.833s] -- Installing: /home/luis/luis_bot/luis_bot_description/install/luis_bot_description/share/luis_bot_description/package.dsv
[0.833s] -- Installing: /home/luis/luis_bot/luis_bot_description/install/luis_bot_description/share/ament_index/resource_index/packages/luis_bot_description
[0.833s] -- Installing: /home/luis/luis_bot/luis_bot_description/install/luis_bot_description/share/luis_bot_description/cmake/luis_bot_descriptionConfig.cmake
[0.833s] -- Installing: /home/luis/luis_bot/luis_bot_description/install/luis_bot_description/share/luis_bot_description/cmake/luis_bot_descriptionConfig-version.cmake
[0.833s] -- Installing: /home/luis/luis_bot/luis_bot_description/install/luis_bot_description/share/luis_bot_description/package.xml
[0.836s] Invoked command in '/home/luis/luis_bot/luis_bot_description/build/luis_bot_description' returned '0': CMAKE_PREFIX_PATH=${CMAKE_PREFIX_PATH}:/home/luis/ros2_ws/install/my_py_pkg:/opt/ros/humble /usr/bin/cmake --install /home/luis/luis_bot/luis_bot_description/build/luis_bot_description
