[0.011s] Invoking command in '/home/luis/luis_bot/luis_bot_description/build/luis_bot_description': CMAKE_PREFIX_PATH=${CMAKE_PREFIX_PATH}:/home/luis/ros2_ws/install/my_py_pkg:/opt/ros/humble /usr/bin/cmake --build /home/luis/luis_bot/luis_bot_description/build/luis_bot_description -- -j16 -l16
[0.056s] Invoked command in '/home/luis/luis_bot/luis_bot_description/build/luis_bot_description' returned '0': CMAKE_PREFIX_PATH=${CMAKE_PREFIX_PATH}:/home/luis/ros2_ws/install/my_py_pkg:/opt/ros/humble /usr/bin/cmake --build /home/luis/luis_bot/luis_bot_description/build/luis_bot_description -- -j16 -l16
[0.093s] Invoking command in '/home/luis/luis_bot/luis_bot_description/build/luis_bot_description': CMAKE_PREFIX_PATH=${CMAKE_PREFIX_PATH}:/home/luis/ros2_ws/install/my_py_pkg:/opt/ros/humble /usr/bin/cmake --install /home/luis/luis_bot/luis_bot_description/build/luis_bot_description
[0.102s] -- Install configuration: ""
[0.102s] -- Up-to-date: /home/luis/luis_bot/luis_bot_description/install/luis_bot_description/share/luis_bot_description/src
[0.102s] -- Up-to-date: /home/luis/luis_bot/luis_bot_description/install/luis_bot_description/share/luis_bot_description/src/description
[0.102s] -- Installing: /home/luis/luis_bot/luis_bot_description/install/luis_bot_description/share/luis_bot_description/src/description/luis_bot_description.urdf
[0.102s] -- Up-to-date: /home/luis/luis_bot/luis_bot_description/install/luis_bot_description/share/luis_bot_description/launch
[0.102s] -- Up-to-date: /home/luis/luis_bot/luis_bot_description/install/luis_bot_description/share/luis_bot_description/launch/display.launch.py
[0.102s] -- Up-to-date: /home/luis/luis_bot/luis_bot_description/install/luis_bot_description/share/luis_bot_description/rviz
[0.102s] -- Up-to-date: /home/luis/luis_bot/luis_bot_description/install/luis_bot_description/share/luis_bot_description/rviz/urdf_config.rviz
[0.102s] -- Up-to-date: /home/luis/luis_bot/luis_bot_description/install/luis_bot_description/share/ament_index/resource_index/package_run_dependencies/luis_bot_description
[0.103s] -- Up-to-date: /home/luis/luis_bot/luis_bot_description/install/luis_bot_description/share/ament_index/resource_index/parent_prefix_path/luis_bot_description
[0.103s] -- Up-to-date: /home/luis/luis_bot/luis_bot_description/install/luis_bot_description/share/luis_bot_description/environment/ament_prefix_path.sh
[0.103s] -- Up-to-date: /home/luis/luis_bot/luis_bot_description/install/luis_bot_description/share/luis_bot_description/environment/ament_prefix_path.dsv
[0.103s] -- Up-to-date: /home/luis/luis_bot/luis_bot_description/install/luis_bot_description/share/luis_bot_description/environment/path.sh
[0.103s] -- Up-to-date: /home/luis/luis_bot/luis_bot_description/install/luis_bot_description/share/luis_bot_description/environment/path.dsv
[0.103s] -- Up-to-date: /home/luis/luis_bot/luis_bot_description/install/luis_bot_description/share/luis_bot_description/local_setup.bash
[0.103s] -- Up-to-date: /home/luis/luis_bot/luis_bot_description/install/luis_bot_description/share/luis_bot_description/local_setup.sh
[0.103s] -- Up-to-date: /home/luis/luis_bot/luis_bot_description/install/luis_bot_description/share/luis_bot_description/local_setup.zsh
[0.103s] -- Up-to-date: /home/luis/luis_bot/luis_bot_description/install/luis_bot_description/share/luis_bot_description/local_setup.dsv
[0.103s] -- Installing: /home/luis/luis_bot/luis_bot_description/install/luis_bot_description/share/luis_bot_description/package.dsv
[0.103s] -- Up-to-date: /home/luis/luis_bot/luis_bot_description/install/luis_bot_description/share/ament_index/resource_index/packages/luis_bot_description
[0.103s] -- Up-to-date: /home/luis/luis_bot/luis_bot_description/install/luis_bot_description/share/luis_bot_description/cmake/luis_bot_descriptionConfig.cmake
[0.103s] -- Up-to-date: /home/luis/luis_bot/luis_bot_description/install/luis_bot_description/share/luis_bot_description/cmake/luis_bot_descriptionConfig-version.cmake
[0.103s] -- Up-to-date: /home/luis/luis_bot/luis_bot_description/install/luis_bot_description/share/luis_bot_description/package.xml
[0.105s] Invoked command in '/home/luis/luis_bot/luis_bot_description/build/luis_bot_description' returned '0': CMAKE_PREFIX_PATH=${CMAKE_PREFIX_PATH}:/home/luis/ros2_ws/install/my_py_pkg:/opt/ros/humble /usr/bin/cmake --install /home/luis/luis_bot/luis_bot_description/build/luis_bot_description
